0 verbose cli /Users/shinichiro/.nvm/versions/node/v24.13.0/bin/node /Users/shinichiro/.nvm/versions/node/v24.13.0/lib/node_modules/npm/bin/npm-cli.js
1 info using npm@11.6.2
2 info using node@v24.13.0
3 silly config load:file:/Users/shinichiro/.nvm/versions/node/v24.13.0/lib/node_modules/npm/npmrc
4 silly config load:file:/Users/shinichiro/antigravity/fitness_app/.npmrc
5 silly config load:file:/Users/shinichiro/.npmrc
6 silly config load:file:/Users/shinichiro/.nvm/versions/node/v24.13.0/etc/npmrc
7 verbose title npm exec eas-cli submit --platform ios --profile production --latest --non-interactive
8 verbose argv "exec" "--yes" "--" "eas-cli" "submit" "--platform" "ios" "--profile" "production" "--latest" "--non-interactive"
9 verbose logfile logs-max:10 dir:/Users/shinichiro/antigravity/fitness_app/.npm_cache/_logs/2026-02-25T00_40_27_751Z-
10 verbose logfile /Users/shinichiro/antigravity/fitness_app/.npm_cache/_logs/2026-02-25T00_40_27_751Z-debug-0.log
11 silly logfile done cleaning log files
12 silly packumentCache heap:4496293888 maxSize:1124073472 maxEntrySize:562036736
13 http fetch GET 200 https://registry.npmjs.org/eas-cli 485ms (cache revalidated)
14 silly packumentCache heap:4496293888 maxSize:1124073472 maxEntrySize:562036736
15 silly packumentCache heap:4496293888 maxSize:1124073472 maxEntrySize:562036736
16 verbose cwd /Users/shinichiro/antigravity/fitness_app
17 verbose os Darwin 25.2.0
18 verbose node v24.13.0
19 verbose npm  v11.6.2
20 verbose exit 0
21 info ok
